{"uuid":"41c2e7e2-3880-4bd6-be10-2bcac373a8c2","historyId":"e902e1d50dcfa03cec14a7ca9b72f85c","testCaseId":"[engine:junit-jupiter]/[class:game.api.controllers.UserControllerNewTest]/[method:getUser()]","testCaseName":"getUser()","fullName":"game.api.controllers.UserControllerNewTest.getUser","labels":[{"name":"junit.platform.uniqueid","value":"[engine:junit-jupiter]/[class:game.api.controllers.UserControllerNewTest]/[method:getUser()]"},{"name":"host","value":"Maks"},{"name":"thread","value":"13948@Maks.main(1)"},{"name":"framework","value":"junit-platform"},{"name":"language","value":"java"},{"name":"package","value":"game.api.controllers.UserControllerNewTest"},{"name":"testClass","value":"game.api.controllers.UserControllerNewTest"},{"name":"testMethod","value":"getUser"},{"name":"suite","value":"game.api.controllers.UserControllerNewTest"}],"links":[],"name":"getUser()","status":"broken","statusDetails":{"known":false,"muted":false,"flaky":false,"message":"com.fasterxml.jackson.databind.exc.InvalidDefinitionException: Failed to call `setAccess()` on Constructor 'java.util.Arrays' (of class `java.util.Arrays`) due to `java.lang.reflect.InaccessibleObjectException`, problem: Unable to make private java.util.Arrays() accessible: module java.base does not \"opens java.util\" to unnamed module @6df7988f\n at [Source: REDACTED (`StreamReadFeature.INCLUDE_SOURCE_IN_LOCATION` disabled); line: 1, column: 1]","trace":"java.lang.RuntimeException: com.fasterxml.jackson.databind.exc.InvalidDefinitionException: Failed to call `setAccess()` on Constructor 'java.util.Arrays' (of class `java.util.Arrays`) due to `java.lang.reflect.InaccessibleObjectException`, problem: Unable to make private java.util.Arrays() accessible: module java.base does not \"opens java.util\" to unnamed module @6df7988f\n at [Source: REDACTED (`StreamReadFeature.INCLUDE_SOURCE_IN_LOCATION` disabled); line: 1, column: 1]\r\n\tat io.restassured.internal.path.json.mapping.JsonPathJackson2ObjectDeserializer.deserialize(JsonPathJackson2ObjectDeserializer.java:30)\r\n\tat io.restassured.path.json.mapping.JsonPathObjectDeserializer$deserialize.call(Unknown Source)\r\n\tat io.restassured.internal.mapping.Jackson2Mapper.deserialize(Jackson2Mapper.groovy:58)\r\n\tat io.restassured.mapper.ObjectMapper$deserialize.call(Unknown Source)\r\n\tat io.restassured.internal.mapping.ObjectMapping.parseWithJackson2(ObjectMapping.groovy:254)\r\n\tat io.restassured.internal.mapping.ObjectMapping$parseWithJackson2$0.callStatic(Unknown Source)\r\n\tat io.restassured.internal.mapping.ObjectMapping.deserialize(ObjectMapping.groovy:56)\r\n\tat io.restassured.internal.mapping.ObjectMapping$deserialize.call(Unknown Source)\r\n\tat io.restassured.internal.RestAssuredResponseOptionsGroovyImpl.as(RestAssuredResponseOptionsGroovyImpl.groovy:233)\r\n\tat io.restassured.internal.RestAssuredResponseOptionsImpl.as(RestAssuredResponseOptionsImpl.java:174)\r\n\tat game.api.controllers.UserControllerNewTest.getUser(userControllerNewTest.java:51)\r\nCaused by: com.fasterxml.jackson.databind.exc.InvalidDefinitionException: Failed to call `setAccess()` on Constructor 'java.util.Arrays' (of class `java.util.Arrays`) due to `java.lang.reflect.InaccessibleObjectException`, problem: Unable to make private java.util.Arrays() accessible: module java.base does not \"opens java.util\" to unnamed module @6df7988f\n at [Source: REDACTED (`StreamReadFeature.INCLUDE_SOURCE_IN_LOCATION` disabled); line: 1, column: 1]\r\n\tat com.fasterxml.jackson.databind.exc.InvalidDefinitionException.from(InvalidDefinitionException.java:62)\r\n\tat com.fasterxml.jackson.databind.deser.BeanDeserializerFactory.buildBeanDeserializer(BeanDeserializerFactory.java:269)\r\n\tat com.fasterxml.jackson.databind.deser.BeanDeserializerFactory.createBeanDeserializer(BeanDeserializerFactory.java:151)\r\n\tat com.fasterxml.jackson.databind.deser.DeserializerCache._createDeserializer2(DeserializerCache.java:471)\r\n\tat com.fasterxml.jackson.databind.deser.DeserializerCache._createDeserializer(DeserializerCache.java:415)\r\n\tat com.fasterxml.jackson.databind.deser.DeserializerCache._createAndCache2(DeserializerCache.java:317)\r\n\tat com.fasterxml.jackson.databind.deser.DeserializerCache._createAndCacheValueDeserializer(DeserializerCache.java:284)\r\n\tat com.fasterxml.jackson.databind.deser.DeserializerCache.findValueDeserializer(DeserializerCache.java:174)\r\n\tat com.fasterxml.jackson.databind.DeserializationContext.findNonContextualValueDeserializer(DeserializationContext.java:659)\r\n\tat com.fasterxml.jackson.databind.deser.BeanDeserializerBase.resolve(BeanDeserializerBase.java:552)\r\n\tat com.fasterxml.jackson.databind.deser.DeserializerCache._createAndCache2(DeserializerCache.java:347)\r\n\tat com.fasterxml.jackson.databind.deser.DeserializerCache._createAndCacheValueDeserializer(DeserializerCache.java:284)\r\n\tat com.fasterxml.jackson.databind.deser.DeserializerCache.findValueDeserializer(DeserializerCache.java:174)\r\n\tat com.fasterxml.jackson.databind.DeserializationContext.findRootValueDeserializer(DeserializationContext.java:669)\r\n\tat com.fasterxml.jackson.databind.ObjectMapper._findRootDeserializer(ObjectMapper.java:5062)\r\n\tat com.fasterxml.jackson.databind.ObjectMapper._readMapAndClose(ObjectMapper.java:4932)\r\n\tat com.fasterxml.jackson.databind.ObjectMapper.readValue(ObjectMapper.java:3868)\r\n\tat io.restassured.internal.path.json.mapping.JsonPathJackson2ObjectDeserializer.deserialize(JsonPathJackson2ObjectDeserializer.java:28)\r\n\t... 10 more\r\nCaused by: java.lang.IllegalArgumentException: Failed to call `setAccess()` on Constructor 'java.util.Arrays' (of class `java.util.Arrays`) due to `java.lang.reflect.InaccessibleObjectException`, problem: Unable to make private java.util.Arrays() accessible: module java.base does not \"opens java.util\" to unnamed module @6df7988f\r\n\tat com.fasterxml.jackson.databind.util.ClassUtil.checkAndFixAccess(ClassUtil.java:1018)\r\n\tat com.fasterxml.jackson.databind.deser.impl.CreatorCollector._fixAccess(CreatorCollector.java:277)\r\n\tat com.fasterxml.jackson.databind.deser.impl.CreatorCollector.setDefaultCreator(CreatorCollector.java:128)\r\n\tat com.fasterxml.jackson.databind.deser.BasicDeserializerFactory._constructDefaultValueInstantiator(BasicDeserializerFactory.java:296)\r\n\tat com.fasterxml.jackson.databind.deser.BasicDeserializerFactory.findValueInstantiator(BasicDeserializerFactory.java:219)\r\n\tat com.fasterxml.jackson.databind.deser.BeanDeserializerFactory.buildBeanDeserializer(BeanDeserializerFactory.java:262)\r\n\t... 26 more\r\nCaused by: java.lang.reflect.InaccessibleObjectException: Unable to make private java.util.Arrays() accessible: module java.base does not \"opens java.util\" to unnamed module @6df7988f\r\n\tat java.base/java.lang.reflect.AccessibleObject.throwInaccessibleObjectException(AccessibleObject.java:388)\r\n\tat java.base/java.lang.reflect.AccessibleObject.checkCanSetAccessible(AccessibleObject.java:364)\r\n\tat java.base/java.lang.reflect.AccessibleObject.checkCanSetAccessible(AccessibleObject.java:312)\r\n\tat java.base/java.lang.reflect.Constructor.checkCanSetAccessible(Constructor.java:194)\r\n\tat java.base/java.lang.reflect.Constructor.setAccessible(Constructor.java:187)\r\n\tat com.fasterxml.jackson.databind.util.ClassUtil.checkAndFixAccess(ClassUtil.java:1005)\r\n\t... 31 more\r\n"},"stage":"finished","description":"","steps":[],"attachments":[],"parameters":[],"start":1763281693622,"stop":1763281694862}